<?xml version="1.0" encoding="utf-8"?><testsuites name="pytest tests"><testsuite name="pytest" errors="0" failures="0" skipped="0" tests="215" time="43.630" timestamp="2026-09-20T21:05:44.510393+08:00" hostname="PC-202506191100"><testcase classname="tests.test_asm_archive" name="test_normalize_equivalent[1 2\n-1 2]" time="0.002" /><testcase classname="tests.test_asm_archive" name="test_normalize_equivalent[1 2\r\n-1 2\n]" time="0.001" /><testcase classname="tests.test_asm_archive" name="test_normalize_equivalent[a  \nb\t\n-a\nb]" time="0.001" /><testcase classname="tests.test_asm_archive" name="test_normalize_equivalent[\n\nx\n\n-x]" time="0.001" /><testcase classname="tests.test_asm_archive" name="test_normalize_different" time="0.001" /><testcase classname="tests.test_asm_archive" name="test_tester_without_compiler_reports_cleanly" time="0.017" /><testcase classname="tests.test_asm_archive" name="test_tester_missing_exe_returns_false" time="0.009" /><testcase classname="tests.test_asm_archive" name="test_tester_no_samples_is_ok" time="0.006" /><testcase classname="tests.test_asm_archive" name="test_compile_and_run_success" time="1.533" /><testcase classname="tests.test_asm_archive" name="test_compile_error_reported" time="0.924" /><testcase classname="tests.test_asm_archive" name="test_sample_mismatch_reported" time="1.582" /><testcase classname="tests.test_asm_archive" name="test_reset_clears_records" time="1.326" /><testcase classname="tests.test_asm_archive" name="test_cleanup_removes_artifacts" time="1.506" /><testcase classname="tests.test_asm_archive" name="test_legacy_tester_results_tuple_view" time="0.010" /><testcase classname="tests.test_asm_archive" name="test_archiver_writes_all_artifacts" time="0.035" /><testcase classname="tests.test_asm_archive" name="test_index_rebuild" time="0.029" /><testcase classname="tests.test_asm_archive" name="test_index_parsing_roundtrip" time="0.024" /><testcase classname="tests.test_asm_archive" name="test_index_tolerates_missing_index" time="0.008" /><testcase classname="tests.test_asm_archive" name="test_verdict_label" time="0.001" /><testcase classname="tests.test_asm_archive" name="test_readme_footer_not_duplicated" time="0.012" /><testcase classname="tests.test_asm_archive" name="test_save_meta_defaults_generated_at" time="0.011" /><testcase classname="tests.test_asm_archive" name="test_parse_legacy_index_does_not_mistake_status_for_model" time="0.008" /><testcase classname="tests.test_asm_archive" name="test_rebuild_index_ignores_stale_legacy_columns" time="0.022" /><testcase classname="tests.test_asm_archive" name="test_rebuild_index_recovers_title_from_readme" time="0.017" /><testcase classname="tests.test_asm_archive" name="test_recover_title_rejects_bad_titles" time="0.012" /><testcase classname="tests.test_asm_archive" name="test_normalize_legacy_verdict" time="0.001" /><testcase classname="tests.test_asm_archive" name="test_refresh_titles_fixes_bad_titles" time="0.347" /><testcase classname="tests.test_asm_archive" name="test_strip_leading_id" time="0.001" /><testcase classname="tests.test_asm_archive" name="test_refresh_titles_preserves_existing_metadata" time="0.327" /><testcase classname="tests.test_asm_archive" name="test_refresh_titles_skips_unfetchable" time="0.015" /><testcase classname="tests.test_asm_archive" name="test_verdict_footer_added_later" time="0.023" /><testcase classname="tests.test_captcha" name="test_parse_arithmetic[8minus7-1]" time="0.001" /><testcase classname="tests.test_captcha" name="test_parse_arithmetic[8minus1-7]" time="0.001" /><testcase classname="tests.test_captcha" name="test_parse_arithmetic[3times7-21]" time="0.001" /><testcase classname="tests.test_captcha" name="test_parse_arithmetic[3timesT-21]" time="0.001" /><testcase classname="tests.test_captcha" name="test_parse_arithmetic[6plus2-8]" time="0.001" /><testcase classname="tests.test_captcha" name="test_parse_arithmetic[9minus3-6]" time="0.001" /><testcase classname="tests.test_captcha" name="test_parse_arithmetic[4times5-20]" time="0.001" /><testcase classname="tests.test_captcha" name="test_parse_arithmetic[4time5s-20]" time="0.001" /><testcase classname="tests.test_captcha" name="test_parse_arithmetic[4time55-20]" time="0.001" /><testcase classname="tests.test_captcha" name="test_parse_arithmetic[10plus5-15]" time="0.001" /><testcase classname="tests.test_captcha" name="test_parse_arithmetic[2multipliedby3-6]" time="0.001" /><testcase classname="tests.test_captcha" name="test_parse_arithmetic[8dividedby2-4]" time="0.001" /><testcase classname="tests.test_captcha" name="test_parse_arithmetic[12minus4-8]" time="0.001" /><testcase classname="tests.test_captcha" name="test_parse_arithmetic[3timess-15]" time="0.001" /><testcase classname="tests.test_captcha" name="test_parse_arithmetic[7plus1-8]" time="0.001" /><testcase classname="tests.test_captcha" name="test_parse_arithmetic[2timesO-0]" time="0.001" /><testcase classname="tests.test_captcha" name="test_parse_arithmetic[5plusl-6]" time="0.001" /><testcase classname="tests.test_captcha" name="test_parse_arithmetic_unparseable[]" time="0.001" /><testcase classname="tests.test_captcha" name="test_parse_arithmetic_unparseable[hello]" time="0.001" /><testcase classname="tests.test_captcha" name="test_parse_arithmetic_unparseable[abc]" time="0.001" /><testcase classname="tests.test_captcha" name="test_parse_arithmetic_unparseable[times]" time="0.001" /><testcase classname="tests.test_captcha" name="test_parse_arithmetic_unparseable[3 4]" time="0.001" /><testcase classname="tests.test_captcha" name="test_parse_arithmetic_unparseable[??]" time="0.001" /><testcase classname="tests.test_captcha" name="test_to_number[7-7]" time="0.001" /><testcase classname="tests.test_captcha" name="test_to_number[T-7]" time="0.001" /><testcase classname="tests.test_captcha" name="test_to_number[s-5]" time="0.001" /><testcase classname="tests.test_captcha" name="test_to_number[O-0]" time="0.001" /><testcase classname="tests.test_captcha" name="test_to_number[l-1]" time="0.002" /><testcase classname="tests.test_captcha" name="test_to_number[z-2]" time="0.001" /><testcase classname="tests.test_captcha" name="test_to_number[q-0]" time="0.001" /><testcase classname="tests.test_captcha" name="test_to_number[x-None]" time="0.001" /><testcase classname="tests.test_captcha" name="test_to_number[-None]" time="0.001" /><testcase classname="tests.test_captcha" name="test_calc_ops" time="0.001" /><testcase classname="tests.test_cli_input" name="test_normalize_line[status-status-\u666e\u901a\u547d\u4ee4]" time="0.004" /><testcase classname="tests.test_cli_input" name="test_normalize_line[  stats  -stats-\u4e24\u4fa7\u7a7a\u767d]" time="0.002" /><testcase classname="tests.test_cli_input" name="test_normalize_line[\ufeffstatus-status-\u6b63\u5e38\u89e3\u51fa\u7684 BOM]" time="0.002" /><testcase classname="tests.test_cli_input" name="test_normalize_line[\u9518\u7e1fstatus-status-BOM \u88ab GBK \u89e3\u9519\uff08\u9518\u7e1f\uff09]" time="0.002" /><testcase classname="tests.test_cli_input" name="test_normalize_line[\u9518\ufffd\u7e1fstatus-status-\u542b\u66ff\u6362\u5b57\u7b26\u7684\u6b8b\u6e23]" time="0.001" /><testcase classname="tests.test_cli_input" name="test_normalize_line[\ufeff\ufeffstatus-status-\u91cd\u590d BOM]" time="0.001" /><testcase classname="tests.test_cli_input" name="test_normalize_line[st\x00a\x00t\x00u\x00s\x00-status-PowerShell 5.1 \u7ba1\u9053\u7684 NUL]" time="0.001" /><testcase classname="tests.test_cli_input" name="test_normalize_line[\r\n--\u7a7a\u884c]" time="0.001" /><testcase classname="tests.test_cli_input" name="test_normalize_line[None--None]" time="0.001" /><testcase classname="tests.test_cli_input" name="test_normalize_line[\u9518x-\u9518x-\u957f\u5ea6\u4e0d\u8db3\uff0c\u4e0d\u5f53\u4f5c\u6b8b\u6e23]" time="0.001" /><testcase classname="tests.test_cli_input" name="test_normalize_line_feeds_command_dispatch" time="0.001" /><testcase classname="tests.test_config" name="test_normalize_base_url[https://api.deepseek.com-https://api.deepseek.com/v1]" time="0.001" /><testcase classname="tests.test_config" name="test_normalize_base_url[https://api.deepseek.com/-https://api.deepseek.com/v1]" time="0.001" /><testcase classname="tests.test_config" name="test_normalize_base_url[https://api.deepseek.com/v1-https://api.deepseek.com/v1]" time="0.001" /><testcase classname="tests.test_config" name="test_normalize_base_url[https://api.deepseek.com/v1/-https://api.deepseek.com/v1]" time="0.001" /><testcase classname="tests.test_config" name="test_normalize_base_url[https://api.deepseek.com/v1/chat/completions-https://api.deepseek.com/v1]" time="0.002" /><testcase classname="tests.test_config" name="test_normalize_base_url[http://127.0.0.1:11434/v1-http://127.0.0.1:11434/v1]" time="0.001" /><testcase classname="tests.test_config" name="test_normalize_base_url[-https://api.deepseek.com/v1]" time="0.001" /><testcase classname="tests.test_config" name="test_llm_config_urls" time="0.001" /><testcase classname="tests.test_config" name="test_llm_config_candidates_dedupe" time="0.001" /><testcase classname="tests.test_config" name="test_mask_secret" time="0.001" /><testcase classname="tests.test_config" name="test_official_deepseek_models_present" time="0.001" /><testcase classname="tests.test_config" name="test_presets_have_required_keys" time="0.001" /><testcase classname="tests.test_config" name="test_defaults_have_no_secrets" time="0.005" /><testcase classname="tests.test_config" name="test_env_overrides_file" time="0.007" /><testcase classname="tests.test_config" name="test_file_values_used_when_no_env" time="0.009" /><testcase classname="tests.test_config" name="test_legacy_gui_config_migration" time="0.015" /><testcase classname="tests.test_config" name="test_apply_credentials_and_save" time="0.010" /><testcase classname="tests.test_config" name="test_remember_false_drops_password" time="0.007" /><testcase classname="tests.test_config" name="test_describe_masks_key" time="0.006" /><testcase classname="tests.test_config" name="test_dotenv_parsing" time="0.009" /><testcase classname="tests.test_config" name="test_extract_problem_ids_from_range[1001-1005-expected0]" time="0.001" /><testcase classname="tests.test_config" name="test_extract_problem_ids_from_range[1001 - 1003-expected1]" time="0.001" /><testcase classname="tests.test_config" name="test_extract_problem_ids_from_range[5-1-expected2]" time="0.001" /><testcase classname="tests.test_config" name="test_extract_problem_ids_from_range[1001-None]" time="0.001" /><testcase classname="tests.test_config" name="test_extract_problem_ids_from_range[abc-None]" time="0.001" /><testcase classname="tests.test_config" name="test_extract_problem_ids_from_range[-None]" time="0.001" /><testcase classname="tests.test_config" name="test_eoj_config_default_solutions_dir" time="0.001" /><testcase classname="tests.test_gui_smoke" name="test_gui_constructs_and_callbacks_do_not_raise" time="2.406" /><testcase classname="tests.test_judge" name="test_parse_verdict[Accepted-AC]" time="0.001" /><testcase classname="tests.test_judge" name="test_parse_verdict[Wrong Answer-WA]" time="0.001" /><testcase classname="tests.test_judge" name="test_parse_verdict[Time Limit Exceeded-TLE]" time="0.001" /><testcase classname="tests.test_judge" name="test_parse_verdict[Memory Limit Exceeded-MLE]" time="0.001" /><testcase classname="tests.test_judge" name="test_parse_verdict[Compile Error-CE]" time="0.001" /><testcase classname="tests.test_judge" name="test_parse_verdict[Runtime Error-RE]" time="0.001" /><testcase classname="tests.test_judge" name="test_parse_verdict[Judging-PENDING]" time="0.001" /><testcase classname="tests.test_judge" name="test_parse_verdict[Pending-PENDING]" time="0.001" /><testcase classname="tests.test_judge" name="test_parse_verdict[Presentation Error-PE]" time="0.001" /><testcase classname="tests.test_judge" name="test_parse_verdict[Something Else-Something Else]" time="0.002" /><testcase classname="tests.test_judge" name="test_parse_verdict[-None]" time="0.001" /><testcase classname="tests.test_judge" name="test_parse_verdict[None-None]" time="0.001" /><testcase classname="tests.test_judge" name="test_status_map_covers_eoj_codes" time="0.001" /><testcase classname="tests.test_judge" name="test_get_problem_info_extracts_all_samples" time="0.536" /><testcase classname="tests.test_judge" name="test_get_problem_info_table_fallback" time="0.524" /><testcase classname="tests.test_judge" name="test_get_problem_info_handles_missing_body" time="0.512" /><testcase classname="tests.test_judge" name="test_get_problem_info_handles_http_error" time="0.542" /><testcase classname="tests.test_judge" name="test_check_status_reads_own_row" time="0.529" /><testcase classname="tests.test_judge" name="test_check_status_reports_pending" time="0.512" /><testcase classname="tests.test_judge" name="test_check_status_none_when_no_own_row" time="0.508" /><testcase classname="tests.test_judge" name="test_check_status_contest_403_is_unknown" time="0.509" /><testcase classname="tests.test_judge" name="test_check_status_plain_403_returns_none" time="0.538" /><testcase classname="tests.test_judge" name="test_submit_302_success" time="0.536" /><testcase classname="tests.test_judge" name="test_submit_picks_language_from_select" time="0.543" /><testcase classname="tests.test_judge" name="test_submit_without_login_fails" time="0.509" /><testcase classname="tests.test_judge" name="test_submit_error_page_reports_failure" time="0.510" /><testcase classname="tests.test_judge" name="test_per_thread_sessions_are_isolated" time="0.508" /><testcase classname="tests.test_llm_client" name="test_extract_code[```cpp\nint main(){}\n```-int main(){}]" time="0.002" /><testcase classname="tests.test_llm_client" name="test_extract_code[```c++\nint main(){}\n```-int main(){}]" time="0.001" /><testcase classname="tests.test_llm_client" name="test_extract_code[```\nint main(){}\n```-int main(){}]" time="0.001" /><testcase classname="tests.test_llm_client" name="test_extract_code[Here you go:\n```cpp\nint x=1;\n```\nDone.-int x=1;]" time="0.001" /><testcase classname="tests.test_llm_client" name="test_extract_code[#include &lt;bits/stdc++.h&gt;\nint main(){}-#include &lt;bits/stdc++.h&gt;\nint main(){}]" time="0.001" /><testcase classname="tests.test_llm_client" name="test_extract_code[```cpp\nint main(){return 0;}-int main(){return 0;}]" time="0.001" /><testcase classname="tests.test_llm_client" name="test_extract_code[```cpp\n\nint a;\n\nint b;\n```-int a;\n\nint b;]" time="0.001" /><testcase classname="tests.test_llm_client" name="test_extract_code[-]" time="0.001" /><testcase classname="tests.test_llm_client" name="test_extract_code_prefers_cpp_over_other_fence" time="0.001" /><testcase classname="tests.test_llm_client" name="test_extract_markdown_strips_markdown_fence" time="0.001" /><testcase classname="tests.test_llm_client" name="test_extract_markdown_passthrough" time="0.001" /><testcase classname="tests.test_llm_client" name="test_build_chat_payload_defaults" time="0.001" /><testcase classname="tests.test_llm_client" name="test_build_chat_payload_extras" time="0.001" /><testcase classname="tests.test_llm_client" name="test_list_models_from_endpoint" time="0.528" /><testcase classname="tests.test_llm_client" name="test_list_models_fallback_when_unreachable" time="1.011" /><testcase classname="tests.test_llm_client" name="test_chat_success" time="0.510" /><testcase classname="tests.test_llm_client" name="test_chat_retries_then_succeeds" time="0.619" /><testcase classname="tests.test_llm_client" name="test_chat_auth_error_not_retried" time="0.509" /><testcase classname="tests.test_llm_client" name="test_reasoning_model_empty_content_falls_back" time="0.512" /><testcase classname="tests.test_llm_client" name="test_truncated_response_raises_budget" time="0.616" /><testcase classname="tests.test_llm_client" name="test_truncated_but_complete_content_accepted" time="0.506" /><testcase classname="tests.test_llm_client" name="test_truncated_plain_text_accepted" time="0.511" /><testcase classname="tests.test_llm_client" name="test_empty_content_with_expect_text_retries" time="0.807" /><testcase classname="tests.test_llm_client" name="test_fallback_model_used_after_primary_fails" time="0.759" /><testcase classname="tests.test_llm_client" name="test_missing_api_key_raises" time="0.001" /><testcase classname="tests.test_llm_client" name="test_health_check_reports_failure" time="4.457" /><testcase classname="tests.test_llm_client" name="test_health_check_success" time="0.524" /><testcase classname="tests.test_llm_client" name="test_malformed_json_raises" time="0.511" /><testcase classname="tests.test_llm_client" name="test_settings_snapshot_in_response" time="0.520" /><testcase classname="tests.test_pipeline_compat" name="test_full_pipeline_success" time="2.264" /><testcase classname="tests.test_pipeline_compat" name="test_pipeline_returns_legacy_status_code" time="2.205" /><testcase classname="tests.test_pipeline_compat" name="test_pipeline_reports_fetch_failure" time="2.025" /><testcase classname="tests.test_pipeline_compat" name="test_pipeline_skip_submit" time="1.613" /><testcase classname="tests.test_pipeline_compat" name="test_pipeline_skip_test" time="0.567" /><testcase classname="tests.test_pipeline_compat" name="test_pipeline_timeout_budget" time="2.188" /><testcase classname="tests.test_pipeline_compat" name="test_archive_existing_problem" time="0.617" /><testcase classname="tests.test_pipeline_compat" name="test_archive_existing_problem_without_code" time="0.526" /><testcase classname="tests.test_pipeline_compat" name="test_engine_exposes_legacy_name[EOJClient]" time="0.001" /><testcase classname="tests.test_pipeline_compat" name="test_engine_exposes_legacy_name[DeepSeekSolver]" time="0.001" /><testcase classname="tests.test_pipeline_compat" name="test_engine_exposes_legacy_name[CodeTester]" time="0.001" /><testcase classname="tests.test_pipeline_compat" name="test_engine_exposes_legacy_name[SolutionArchiver]" time="0.001" /><testcase classname="tests.test_pipeline_compat" name="test_engine_exposes_legacy_name[solve_single_problem]" time="0.001" /><testcase classname="tests.test_pipeline_compat" name="test_engine_exposes_legacy_name[archive_existing_problem]" time="0.001" /><testcase classname="tests.test_pipeline_compat" name="test_engine_exposes_legacy_name[list_existing_cpp_problems]" time="0.001" /><testcase classname="tests.test_pipeline_compat" name="test_engine_exposes_legacy_name[extract_problem_ids_from_range]" time="0.001" /><testcase classname="tests.test_pipeline_compat" name="test_engine_exposes_legacy_name[find_gpp]" time="0.001" /><testcase classname="tests.test_pipeline_compat" name="test_engine_exposes_legacy_name[try_ocr_captcha]" time="0.001" /><testcase classname="tests.test_pipeline_compat" name="test_engine_exposes_legacy_name[solve_captcha]" time="0.001" /><testcase classname="tests.test_pipeline_compat" name="test_engine_exposes_legacy_name[manual_captcha]" time="0.001" /><testcase classname="tests.test_pipeline_compat" name="test_engine_exposes_legacy_name[set_log_sink]" time="0.001" /><testcase classname="tests.test_pipeline_compat" name="test_engine_exposes_legacy_name[save_gui_config]" time="0.001" /><testcase classname="tests.test_pipeline_compat" name="test_engine_exposes_legacy_name[load_gui_config]" time="0.001" /><testcase classname="tests.test_pipeline_compat" name="test_engine_exposes_legacy_name[sync_runtime_settings]" time="0.001" /><testcase classname="tests.test_pipeline_compat" name="test_engine_exposes_legacy_name[doctor]" time="0.001" /><testcase classname="tests.test_pipeline_compat" name="test_engine_exposes_legacy_name[main]" time="0.001" /><testcase classname="tests.test_pipeline_compat" name="test_engine_exposes_legacy_name[EOJ_USERNAME]" time="0.001" /><testcase classname="tests.test_pipeline_compat" name="test_engine_exposes_legacy_name[EOJ_PASSWORD]" time="0.001" /><testcase classname="tests.test_pipeline_compat" name="test_engine_exposes_legacy_name[DEEPSEEK_API_KEY]" time="0.001" /><testcase classname="tests.test_pipeline_compat" name="test_engine_exposes_legacy_name[DEEPSEEK_MODEL]" time="0.001" /><testcase classname="tests.test_pipeline_compat" name="test_engine_exposes_legacy_name[LLM_BASE_URL]" time="0.001" /><testcase classname="tests.test_pipeline_compat" name="test_engine_exposes_legacy_name[MAX_RETRIES]" time="0.001" /><testcase classname="tests.test_pipeline_compat" name="test_engine_exposes_legacy_name[PER_PROBLEM_TIMEOUT]" time="0.001" /><testcase classname="tests.test_pipeline_compat" name="test_engine_exposes_legacy_name[GPP_PATH]" time="0.002" /><testcase classname="tests.test_pipeline_compat" name="test_engine_exposes_legacy_name[BATCH_MODE]" time="0.001" /><testcase classname="tests.test_pipeline_compat" name="test_engine_exposes_legacy_name[DEFAULT_SOLUTIONS_DIR]" time="0.001" /><testcase classname="tests.test_pipeline_compat" name="test_engine_exposes_legacy_name[session]" time="0.001" /><testcase classname="tests.test_pipeline_compat" name="test_engine_config_read" time="0.001" /><testcase classname="tests.test_pipeline_compat" name="test_engine_config_write_through" time="0.001" /><testcase classname="tests.test_pipeline_compat" name="test_engine_normalizes_legacy_model_alias" time="0.001" /><testcase classname="tests.test_pipeline_compat" name="test_engine_unknown_attribute_raises" time="0.001" /><testcase classname="tests.test_pipeline_compat" name="test_engine_max_retries_write" time="0.001" /><testcase classname="tests.test_pipeline_compat" name="test_engine_solver_reads_runtime_model" time="0.001" /><testcase classname="tests.test_pipeline_compat" name="test_engine_log_sink_routing" time="0.001" /><testcase classname="tests.test_pipeline_compat" name="test_engine_legacy_tester_results_view" time="0.015" /><testcase classname="tests.test_pipeline_compat" name="test_engine_save_and_load_config_roundtrip" time="0.006" /><testcase classname="tests.test_pipeline_compat" name="test_engine_session_proxy" time="0.001" /><testcase classname="tests.test_release_safety" name="test_unverified_never_submits[missing]" time="0.007" /><testcase classname="tests.test_release_safety" name="test_unverified_never_submits[skip]" time="0.008" /><testcase classname="tests.test_release_safety" name="test_unverified_never_submits[no_samples]" time="0.011" /><testcase classname="tests.test_release_safety" name="test_unverified_never_submits[removed]" time="0.007" /><testcase classname="tests.test_release_safety" name="test_unverified_never_submits[zero_attempts]" time="0.007" /><testcase classname="tests.test_release_safety" name="test_runtime_crash_with_expected_output_is_not_pass" time="0.010" /><testcase classname="tests.test_release_safety" name="test_bundle_compiler_precedes_environment_and_path[ucrt64]" time="0.018" /><testcase classname="tests.test_release_safety" name="test_bundle_compiler_precedes_environment_and_path[mingw64]" time="0.017" /><testcase classname="tests.test_release_safety" name="test_cli_submission_requires_explicit_choice" time="0.003" /></testsuite></testsuites>